<?xml version="1.0" encoding="UTF-8"?>
<!-- Generated by org.testng.reporters.JUnitXMLReporter -->
<testsuite ignored="0" hostname="TYSS-Chaithra" failures="1" tests="2" name="Test-Runner-Firefox" time="40.278" errors="0" timestamp="2022-09-08T19:41:23 IST">
  <testcase classname="vtiger.ContactsTests.CreateContactWithOrgTest" name="CreateContactWithOrgTest" time="17.426">
    <failure type="java.lang.AssertionError" message="null">
      <![CDATA[java.lang.AssertionError: null
at vtiger.ContactsTests.CreateContactWithOrgTest.CreateContactWithOrgTest(CreateContactWithOrgTest.java:72)
at java.base/java.util.ArrayList.forEach(ArrayList.java:1541)
at java.base/java.util.concurrent.FutureTask.run(FutureTask.java:264)
at java.base/java.util.concurrent.ThreadPoolExecutor.runWorker(ThreadPoolExecutor.java:1128)
at java.base/java.util.concurrent.ThreadPoolExecutor$Worker.run(ThreadPoolExecutor.java:628)
at java.base/java.lang.Thread.run(Thread.java:829)
... Removed 20 stack frames]]>
    </failure>
  </testcase> <!-- CreateContactWithOrgTest -->
  <testcase classname="vtiger.ContactsTests.CreateContactWithOrgTest" name="demoRegressionTest" time="0.001"/>
</testsuite> <!-- Test-Runner-Firefox -->
